[2024-05-15T14:14:55.827+0000] {local_task_job_runner.py:120} INFO - ::group::Pre task execution logs
[2024-05-15T14:14:55.844+0000] {taskinstance.py:2076} INFO - Dependencies all met for dep_context=non-requeueable deps ti=<TaskInstance: parsing_recipes.parse_recipes scheduled__2024-05-15T14:12:00+00:00 [queued]>
[2024-05-15T14:14:55.849+0000] {taskinstance.py:2076} INFO - Dependencies all met for dep_context=requeueable deps ti=<TaskInstance: parsing_recipes.parse_recipes scheduled__2024-05-15T14:12:00+00:00 [queued]>
[2024-05-15T14:14:55.851+0000] {taskinstance.py:2306} INFO - Starting attempt 1 of 1
[2024-05-15T14:14:55.858+0000] {taskinstance.py:2330} INFO - Executing <Task(PythonOperator): parse_recipes> on 2024-05-15 14:12:00+00:00
[2024-05-15T14:14:55.862+0000] {logging_mixin.py:188} WARNING - /home/***/.local/lib/python3.12/site-packages/***/task/task_runner/standard_task_runner.py:61 DeprecationWarning: This process (pid=7454) is multi-threaded, use of fork() may lead to deadlocks in the child.
[2024-05-15T14:14:55.862+0000] {standard_task_runner.py:90} INFO - Running: ['***', 'tasks', 'run', 'parsing_recipes', 'parse_recipes', 'scheduled__2024-05-15T14:12:00+00:00', '--job-id', '6221', '--raw', '--subdir', 'DAGS_FOLDER/recipes.py', '--cfg-path', '/tmp/tmpkkm3cvm7']
[2024-05-15T14:14:55.864+0000] {standard_task_runner.py:63} INFO - Started process 7478 to run task
[2024-05-15T14:14:55.864+0000] {standard_task_runner.py:91} INFO - Job 6221: Subtask parse_recipes
[2024-05-15T14:14:55.891+0000] {task_command.py:426} INFO - Running <TaskInstance: parsing_recipes.parse_recipes scheduled__2024-05-15T14:12:00+00:00 [running]> on host 53697f0c267a
[2024-05-15T14:14:55.933+0000] {taskinstance.py:2648} INFO - Exporting env vars: AIRFLOW_CTX_DAG_OWNER='***' AIRFLOW_CTX_DAG_ID='parsing_recipes' AIRFLOW_CTX_TASK_ID='parse_recipes' AIRFLOW_CTX_EXECUTION_DATE='2024-05-15T14:12:00+00:00' AIRFLOW_CTX_TRY_NUMBER='1' AIRFLOW_CTX_DAG_RUN_ID='scheduled__2024-05-15T14:12:00+00:00'
[2024-05-15T14:14:55.934+0000] {taskinstance.py:430} INFO - ::endgroup::
[2024-05-15T14:14:55.970+0000] {taskinstance.py:441} INFO - ::group::Post task execution logs
[2024-05-15T14:14:55.970+0000] {taskinstance.py:2905} ERROR - Task failed with exception
Traceback (most recent call last):
  File "/home/airflow/.local/lib/python3.12/site-packages/urllib3/connection.py", line 198, in _new_conn
    sock = connection.create_connection(
           ^^^^^^^^^^^^^^^^^^^^^^^^^^^^^
  File "/home/airflow/.local/lib/python3.12/site-packages/urllib3/util/connection.py", line 60, in create_connection
    for res in socket.getaddrinfo(host, port, family, socket.SOCK_STREAM):
               ^^^^^^^^^^^^^^^^^^^^^^^^^^^^^^^^^^^^^^^^^^^^^^^^^^^^^^^^^^
  File "/usr/local/lib/python3.12/socket.py", line 963, in getaddrinfo
    for res in _socket.getaddrinfo(host, port, family, type, proto, flags):
               ^^^^^^^^^^^^^^^^^^^^^^^^^^^^^^^^^^^^^^^^^^^^^^^^^^^^^^^^^^^
socket.gaierror: [Errno -2] Name or service not known

The above exception was the direct cause of the following exception:

Traceback (most recent call last):
  File "/home/airflow/.local/lib/python3.12/site-packages/urllib3/connectionpool.py", line 793, in urlopen
    response = self._make_request(
               ^^^^^^^^^^^^^^^^^^^
  File "/home/airflow/.local/lib/python3.12/site-packages/urllib3/connectionpool.py", line 491, in _make_request
    raise new_e
  File "/home/airflow/.local/lib/python3.12/site-packages/urllib3/connectionpool.py", line 467, in _make_request
    self._validate_conn(conn)
  File "/home/airflow/.local/lib/python3.12/site-packages/urllib3/connectionpool.py", line 1099, in _validate_conn
    conn.connect()
  File "/home/airflow/.local/lib/python3.12/site-packages/urllib3/connection.py", line 616, in connect
    self.sock = sock = self._new_conn()
                       ^^^^^^^^^^^^^^^^
  File "/home/airflow/.local/lib/python3.12/site-packages/urllib3/connection.py", line 205, in _new_conn
    raise NameResolutionError(self.host, self, e) from e
urllib3.exceptions.NameResolutionError: <urllib3.connection.HTTPSConnection object at 0xffff853b7a40>: Failed to resolve 'www.allrecipes.com' ([Errno -2] Name or service not known)

The above exception was the direct cause of the following exception:

Traceback (most recent call last):
  File "/home/airflow/.local/lib/python3.12/site-packages/requests/adapters.py", line 486, in send
    resp = conn.urlopen(
           ^^^^^^^^^^^^^
  File "/home/airflow/.local/lib/python3.12/site-packages/urllib3/connectionpool.py", line 847, in urlopen
    retries = retries.increment(
              ^^^^^^^^^^^^^^^^^^
  File "/home/airflow/.local/lib/python3.12/site-packages/urllib3/util/retry.py", line 515, in increment
    raise MaxRetryError(_pool, url, reason) from reason  # type: ignore[arg-type]
    ^^^^^^^^^^^^^^^^^^^^^^^^^^^^^^^^^^^^^^^^^^^^^^^^^^^
urllib3.exceptions.MaxRetryError: HTTPSConnectionPool(host='www.allrecipes.com', port=443): Max retries exceeded with url: /recipe/240784/easy-coleslaw-dressing/ (Caused by NameResolutionError("<urllib3.connection.HTTPSConnection object at 0xffff853b7a40>: Failed to resolve 'www.allrecipes.com' ([Errno -2] Name or service not known)"))

During handling of the above exception, another exception occurred:

Traceback (most recent call last):
  File "/home/airflow/.local/lib/python3.12/site-packages/airflow/models/taskinstance.py", line 465, in _execute_task
    result = _execute_callable(context=context, **execute_callable_kwargs)
             ^^^^^^^^^^^^^^^^^^^^^^^^^^^^^^^^^^^^^^^^^^^^^^^^^^^^^^^^^^^^^
  File "/home/airflow/.local/lib/python3.12/site-packages/airflow/models/taskinstance.py", line 432, in _execute_callable
    return execute_callable(context=context, **execute_callable_kwargs)
           ^^^^^^^^^^^^^^^^^^^^^^^^^^^^^^^^^^^^^^^^^^^^^^^^^^^^^^^^^^^^
  File "/home/airflow/.local/lib/python3.12/site-packages/airflow/models/baseoperator.py", line 400, in wrapper
    return func(self, *args, **kwargs)
           ^^^^^^^^^^^^^^^^^^^^^^^^^^^
  File "/home/airflow/.local/lib/python3.12/site-packages/airflow/operators/python.py", line 235, in execute
    return_value = self.execute_callable()
                   ^^^^^^^^^^^^^^^^^^^^^^^
  File "/home/airflow/.local/lib/python3.12/site-packages/airflow/operators/python.py", line 252, in execute_callable
    return self.python_callable(*self.op_args, **self.op_kwargs)
           ^^^^^^^^^^^^^^^^^^^^^^^^^^^^^^^^^^^^^^^^^^^^^^^^^^^^^
  File "/opt/airflow/dags/recipes.py", line 37, in parse_recipes
    r = requests.get(entry.rstrip('\n'))
        ^^^^^^^^^^^^^^^^^^^^^^^^^^^^^^^^
  File "/home/airflow/.local/lib/python3.12/site-packages/requests/api.py", line 73, in get
    return request("get", url, params=params, **kwargs)
           ^^^^^^^^^^^^^^^^^^^^^^^^^^^^^^^^^^^^^^^^^^^^
  File "/home/airflow/.local/lib/python3.12/site-packages/requests/api.py", line 59, in request
    return session.request(method=method, url=url, **kwargs)
           ^^^^^^^^^^^^^^^^^^^^^^^^^^^^^^^^^^^^^^^^^^^^^^^^^
  File "/home/airflow/.local/lib/python3.12/site-packages/requests/sessions.py", line 589, in request
    resp = self.send(prep, **send_kwargs)
           ^^^^^^^^^^^^^^^^^^^^^^^^^^^^^^
  File "/home/airflow/.local/lib/python3.12/site-packages/requests/sessions.py", line 703, in send
    r = adapter.send(request, **kwargs)
        ^^^^^^^^^^^^^^^^^^^^^^^^^^^^^^^
  File "/home/airflow/.local/lib/python3.12/site-packages/requests/adapters.py", line 519, in send
    raise ConnectionError(e, request=request)
requests.exceptions.ConnectionError: HTTPSConnectionPool(host='www.allrecipes.com', port=443): Max retries exceeded with url: /recipe/240784/easy-coleslaw-dressing/ (Caused by NameResolutionError("<urllib3.connection.HTTPSConnection object at 0xffff853b7a40>: Failed to resolve 'www.allrecipes.com' ([Errno -2] Name or service not known)"))
[2024-05-15T14:14:55.977+0000] {taskinstance.py:1206} INFO - Marking task as FAILED. dag_id=parsing_recipes, task_id=parse_recipes, run_id=scheduled__2024-05-15T14:12:00+00:00, execution_date=20240515T141200, start_date=20240515T141455, end_date=20240515T141455
[2024-05-15T14:14:55.982+0000] {standard_task_runner.py:110} ERROR - Failed to execute job 6221 for task parse_recipes (HTTPSConnectionPool(host='www.allrecipes.com', port=443): Max retries exceeded with url: /recipe/240784/easy-coleslaw-dressing/ (Caused by NameResolutionError("<urllib3.connection.HTTPSConnection object at 0xffff853b7a40>: Failed to resolve 'www.allrecipes.com' ([Errno -2] Name or service not known)")); 7478)
[2024-05-15T14:14:56.005+0000] {local_task_job_runner.py:240} INFO - Task exited with return code 1
[2024-05-15T14:14:56.016+0000] {taskinstance.py:3498} INFO - 0 downstream tasks scheduled from follow-on schedule check
[2024-05-15T14:14:56.018+0000] {local_task_job_runner.py:222} INFO - ::endgroup::
